2018-03-12 11:09:22,407 - Persepolis Download Manager - ERROR - Persepolis can not move file
2018-03-12 11:09:22,641 - Persepolis Download Manager - ERROR - persepolis couldn't find free space value:
[Errno 2] No such file or directory: '/home/h4x3d/.persepolis/uc'
2018-03-12 11:09:22,642 - Persepolis Download Manager - ERROR - Persepolis can not move file
2018-03-12 11:09:22,864 - Persepolis Download Manager - ERROR - persepolis couldn't find free space value:
[Errno 2] No such file or directory: '/home/h4x3d/.persepolis/uc'
2018-03-12 11:09:22,864 - Persepolis Download Manager - ERROR - Persepolis can not move file
2018-03-12 11:09:23,087 - Persepolis Download Manager - ERROR - persepolis couldn't find free space value:
[Errno 2] No such file or directory: '/home/h4x3d/.persepolis/uc'
2018-03-12 11:09:23,088 - Persepolis Download Manager - ERROR - Persepolis can not move file
2018-03-12 11:09:23,316 - Persepolis Download Manager - ERROR - persepolis couldn't find free space value:
[Errno 2] No such file or directory: '/home/h4x3d/.persepolis/uc'
2018-03-12 11:09:23,316 - Persepolis Download Manager - ERROR - Persepolis can not move file
2018-03-12 11:09:23,547 - Persepolis Download Manager - ERROR - persepolis couldn't find free space value:
[Errno 2] No such file or directory: '/home/h4x3d/.persepolis/uc'
2018-03-12 11:09:23,548 - Persepolis Download Manager - ERROR - Persepolis can not move file
2018-03-12 11:09:23,780 - Persepolis Download Manager - ERROR - persepolis couldn't find free space value:
[Errno 2] No such file or directory: '/home/h4x3d/.persepolis/uc'
2018-03-12 11:09:23,781 - Persepolis Download Manager - ERROR - Persepolis can not move file
2018-03-12 11:09:24,004 - Persepolis Download Manager - ERROR - persepolis couldn't find free space value:
[Errno 2] No such file or directory: '/home/h4x3d/.persepolis/uc'
2018-03-12 11:09:24,004 - Persepolis Download Manager - ERROR - Persepolis can not move file
2018-03-12 11:09:24,233 - Persepolis Download Manager - ERROR - persepolis couldn't find free space value:
[Errno 2] No such file or directory: '/home/h4x3d/.persepolis/uc'
2018-03-12 11:09:24,233 - Persepolis Download Manager - ERROR - Persepolis can not move file
2018-03-12 11:09:24,466 - Persepolis Download Manager - ERROR - persepolis couldn't find free space value:
[Errno 2] No such file or directory: '/home/h4x3d/.persepolis/uc'
2018-03-12 11:09:24,466 - Persepolis Download Manager - ERROR - Persepolis can not move file
2018-03-12 11:09:24,699 - Persepolis Download Manager - ERROR - persepolis couldn't find free space value:
[Errno 2] No such file or directory: '/home/h4x3d/.persepolis/uc'
2018-03-12 11:09:24,700 - Persepolis Download Manager - ERROR - Persepolis can not move file
2018-03-12 11:09:24,932 - Persepolis Download Manager - ERROR - persepolis couldn't find free space value:
[Errno 2] No such file or directory: '/home/h4x3d/.persepolis/uc'
2018-03-12 11:09:24,933 - Persepolis Download Manager - ERROR - Persepolis can not move file
2018-03-12 11:09:25,164 - Persepolis Download Manager - ERROR - persepolis couldn't find free space value:
[Errno 2] No such file or directory: '/home/h4x3d/.persepolis/uc'
2018-03-12 11:09:25,165 - Persepolis Download Manager - ERROR - Persepolis can not move file
2018-03-12 11:09:25,399 - Persepolis Download Manager - ERROR - persepolis couldn't find free space value:
[Errno 2] No such file or directory: '/home/h4x3d/.persepolis/uc'
2018-03-12 11:09:25,399 - Persepolis Download Manager - ERROR - Persepolis can not move file
2018-03-12 11:09:25,625 - Persepolis Download Manager - ERROR - persepolis couldn't find free space value:
[Errno 2] No such file or directory: '/home/h4x3d/.persepolis/uc'
2018-03-12 11:09:25,626 - Persepolis Download Manager - ERROR - Persepolis can not move file
2018-03-12 11:09:25,854 - Persepolis Download Manager - ERROR - persepolis couldn't find free space value:
[Errno 2] No such file or directory: '/home/h4x3d/.persepolis/uc'
2018-03-12 11:09:25,854 - Persepolis Download Manager - ERROR - Persepolis can not move file
2018-03-12 11:09:26,074 - Persepolis Download Manager - ERROR - persepolis couldn't find free space value:
[Errno 2] No such file or directory: '/home/h4x3d/.persepolis/uc'
2018-03-12 11:09:26,074 - Persepolis Download Manager - ERROR - Persepolis can not move file
2018-03-12 11:09:26,305 - Persepolis Download Manager - ERROR - persepolis couldn't find free space value:
[Errno 2] No such file or directory: '/home/h4x3d/.persepolis/uc'
2018-03-12 11:09:26,305 - Persepolis Download Manager - ERROR - Persepolis can not move file
2018-03-12 11:09:26,538 - Persepolis Download Manager - ERROR - persepolis couldn't find free space value:
[Errno 2] No such file or directory: '/home/h4x3d/.persepolis/uc'
2018-03-12 11:09:26,538 - Persepolis Download Manager - ERROR - Persepolis can not move file
2018-03-12 11:09:26,762 - Persepolis Download Manager - ERROR - persepolis couldn't find free space value:
[Errno 2] No such file or directory: '/home/h4x3d/.persepolis/uc'
2018-03-12 11:09:26,762 - Persepolis Download Manager - ERROR - Persepolis can not move file
2018-03-12 11:09:26,990 - Persepolis Download Manager - ERROR - persepolis couldn't find free space value:
[Errno 2] No such file or directory: '/home/h4x3d/.persepolis/uc'
2018-03-12 11:09:26,990 - Persepolis Download Manager - ERROR - Persepolis can not move file
2018-03-12 11:09:27,222 - Persepolis Download Manager - ERROR - persepolis couldn't find free space value:
[Errno 2] No such file or directory: '/home/h4x3d/.persepolis/uc'
2018-03-12 11:09:27,223 - Persepolis Download Manager - ERROR - Persepolis can not move file
2018-03-12 11:09:27,455 - Persepolis Download Manager - ERROR - persepolis couldn't find free space value:
[Errno 2] No such file or directory: '/home/h4x3d/.persepolis/uc'
2018-03-12 11:09:27,456 - Persepolis Download Manager - ERROR - Persepolis can not move file
2018-03-12 11:09:27,688 - Persepolis Download Manager - ERROR - persepolis couldn't find free space value:
[Errno 2] No such file or directory: '/home/h4x3d/.persepolis/uc'
2018-03-12 11:09:27,688 - Persepolis Download Manager - ERROR - Persepolis can not move file
2018-03-12 11:09:27,920 - Persepolis Download Manager - ERROR - persepolis couldn't find free space value:
[Errno 2] No such file or directory: '/home/h4x3d/.persepolis/uc'
2018-03-12 11:09:27,921 - Persepolis Download Manager - ERROR - Persepolis can not move file
2018-03-12 11:09:28,154 - Persepolis Download Manager - ERROR - persepolis couldn't find free space value:
[Errno 2] No such file or directory: '/home/h4x3d/.persepolis/uc'
2018-03-12 11:09:28,155 - Persepolis Download Manager - ERROR - Persepolis can not move file
2018-03-12 11:09:28,387 - Persepolis Download Manager - ERROR - persepolis couldn't find free space value:
[Errno 2] No such file or directory: '/home/h4x3d/.persepolis/uc'
2018-03-12 11:09:28,388 - Persepolis Download Manager - ERROR - Persepolis can not move file
2018-03-12 11:09:28,622 - Persepolis Download Manager - ERROR - persepolis couldn't find free space value:
[Errno 2] No such file or directory: '/home/h4x3d/.persepolis/uc'
2018-03-12 11:09:28,622 - Persepolis Download Manager - ERROR - Persepolis can not move file
2018-03-12 11:09:28,856 - Persepolis Download Manager - ERROR - persepolis couldn't find free space value:
[Errno 2] No such file or directory: '/home/h4x3d/.persepolis/uc'
2018-03-12 11:09:28,856 - Persepolis Download Manager - ERROR - Persepolis can not move file
2018-03-12 11:09:29,076 - Persepolis Download Manager - ERROR - persepolis couldn't find free space value:
[Errno 2] No such file or directory: '/home/h4x3d/.persepolis/uc'
2018-03-12 11:09:29,077 - Persepolis Download Manager - ERROR - Persepolis can not move file
2018-03-12 11:09:29,305 - Persepolis Download Manager - ERROR - persepolis couldn't find free space value:
[Errno 2] No such file or directory: '/home/h4x3d/.persepolis/uc'
2018-03-12 11:09:29,306 - Persepolis Download Manager - ERROR - Persepolis can not move file
2018-03-12 11:09:29,537 - Persepolis Download Manager - ERROR - persepolis couldn't find free space value:
[Errno 2] No such file or directory: '/home/h4x3d/.persepolis/uc'
2018-03-12 11:09:29,538 - Persepolis Download Manager - ERROR - Persepolis can not move file
2018-03-12 11:09:29,771 - Persepolis Download Manager - ERROR - persepolis couldn't find free space value:
[Errno 2] No such file or directory: '/home/h4x3d/.persepolis/uc'
2018-03-12 11:09:29,772 - Persepolis Download Manager - ERROR - Persepolis can not move file
2018-03-12 11:09:30,007 - Persepolis Download Manager - ERROR - persepolis couldn't find free space value:
[Errno 2] No such file or directory: '/home/h4x3d/.persepolis/uc'
2018-03-12 11:09:30,008 - Persepolis Download Manager - ERROR - Persepolis can not move file
2018-03-12 11:09:30,239 - Persepolis Download Manager - ERROR - persepolis couldn't find free space value:
[Errno 2] No such file or directory: '/home/h4x3d/.persepolis/uc'
2018-03-12 11:09:30,240 - Persepolis Download Manager - ERROR - Persepolis can not move file
2018-03-12 11:09:30,471 - Persepolis Download Manager - ERROR - persepolis couldn't find free space value:
[Errno 2] No such file or directory: '/home/h4x3d/.persepolis/uc'
2018-03-12 11:09:30,472 - Persepolis Download Manager - ERROR - Persepolis can not move file
2018-03-12 11:09:30,708 - Persepolis Download Manager - ERROR - persepolis couldn't find free space value:
[Errno 2] No such file or directory: '/home/h4x3d/.persepolis/uc'
2018-03-12 11:09:30,709 - Persepolis Download Manager - ERROR - Persepolis can not move file
2018-03-12 11:09:30,941 - Persepolis Download Manager - ERROR - persepolis couldn't find free space value:
[Errno 2] No such file or directory: '/home/h4x3d/.persepolis/uc'
2018-03-12 11:09:30,941 - Persepolis Download Manager - ERROR - Persepolis can not move file
2018-03-12 11:09:31,173 - Persepolis Download Manager - ERROR - persepolis couldn't find free space value:
[Errno 2] No such file or directory: '/home/h4x3d/.persepolis/uc'
2018-03-12 11:09:31,174 - Persepolis Download Manager - ERROR - Persepolis can not move file
2018-03-12 11:09:31,401 - Persepolis Download Manager - ERROR - persepolis couldn't find free space value:
[Errno 2] No such file or directory: '/home/h4x3d/.persepolis/uc'
2018-03-12 11:09:31,401 - Persepolis Download Manager - ERROR - Persepolis can not move file
2018-03-12 11:09:31,633 - Persepolis Download Manager - ERROR - persepolis couldn't find free space value:
[Errno 2] No such file or directory: '/home/h4x3d/.persepolis/uc'
2018-03-12 11:09:31,633 - Persepolis Download Manager - ERROR - Persepolis can not move file
2018-03-12 11:09:31,871 - Persepolis Download Manager - ERROR - persepolis couldn't find free space value:
[Errno 2] No such file or directory: '/home/h4x3d/.persepolis/uc'
2018-03-12 11:09:31,871 - Persepolis Download Manager - ERROR - Persepolis can not move file
2018-03-12 11:09:32,103 - Persepolis Download Manager - ERROR - persepolis couldn't find free space value:
[Errno 2] No such file or directory: '/home/h4x3d/.persepolis/uc'
2018-03-12 11:09:32,104 - Persepolis Download Manager - ERROR - Persepolis can not move file
2018-03-12 11:09:32,336 - Persepolis Download Manager - ERROR - persepolis couldn't find free space value:
[Errno 2] No such file or directory: '/home/h4x3d/.persepolis/uc'
2018-03-12 11:09:32,336 - Persepolis Download Manager - ERROR - Persepolis can not move file
2018-03-12 11:09:32,570 - Persepolis Download Manager - ERROR - persepolis couldn't find free space value:
[Errno 2] No such file or directory: '/home/h4x3d/.persepolis/uc'
2018-03-12 11:09:32,571 - Persepolis Download Manager - ERROR - Persepolis can not move file
2018-03-12 11:09:32,805 - Persepolis Download Manager - ERROR - persepolis couldn't find free space value:
[Errno 2] No such file or directory: '/home/h4x3d/.persepolis/uc'
2018-03-12 11:09:32,805 - Persepolis Download Manager - ERROR - Persepolis can not move file
2018-03-12 11:09:33,040 - Persepolis Download Manager - ERROR - persepolis couldn't find free space value:
[Errno 2] No such file or directory: '/home/h4x3d/.persepolis/uc'
2018-03-12 11:09:33,040 - Persepolis Download Manager - ERROR - Persepolis can not move file
2018-03-12 11:09:33,274 - Persepolis Download Manager - ERROR - persepolis couldn't find free space value:
[Errno 2] No such file or directory: '/home/h4x3d/.persepolis/uc'
2018-03-12 11:09:33,275 - Persepolis Download Manager - ERROR - Persepolis can not move file
2018-03-12 11:09:33,510 - Persepolis Download Manager - ERROR - persepolis couldn't find free space value:
[Errno 2] No such file or directory: '/home/h4x3d/.persepolis/uc'
2018-03-12 11:09:33,510 - Persepolis Download Manager - ERROR - Persepolis can not move file
2018-03-12 11:09:33,742 - Persepolis Download Manager - ERROR - persepolis couldn't find free space value:
[Errno 2] No such file or directory: '/home/h4x3d/.persepolis/uc'
2018-03-12 11:09:33,743 - Persepolis Download Manager - ERROR - Persepolis can not move file
2018-03-12 11:09:33,976 - Persepolis Download Manager - ERROR - persepolis couldn't find free space value:
[Errno 2] No such file or directory: '/home/h4x3d/.persepolis/uc'
2018-03-12 11:09:33,976 - Persepolis Download Manager - ERROR - Persepolis can not move file
2018-03-12 11:09:34,208 - Persepolis Download Manager - ERROR - persepolis couldn't find free space value:
[Errno 2] No such file or directory: '/home/h4x3d/.persepolis/uc'
2018-03-12 11:09:34,208 - Persepolis Download Manager - ERROR - Persepolis can not move file
2018-03-12 11:09:34,440 - Persepolis Download Manager - ERROR - persepolis couldn't find free space value:
[Errno 2] No such file or directory: '/home/h4x3d/.persepolis/uc'
2018-03-12 11:09:34,441 - Persepolis Download Manager - ERROR - Persepolis can not move file
2018-03-12 11:09:34,668 - Persepolis Download Manager - ERROR - persepolis couldn't find free space value:
[Errno 2] No such file or directory: '/home/h4x3d/.persepolis/uc'
2018-03-12 11:09:34,668 - Persepolis Download Manager - ERROR - Persepolis can not move file
2018-03-12 11:09:34,897 - Persepolis Download Manager - ERROR - persepolis couldn't find free space value:
[Errno 2] No such file or directory: '/home/h4x3d/.persepolis/uc'
2018-03-12 11:09:34,897 - Persepolis Download Manager - ERROR - Persepolis can not move file
2018-03-12 11:09:35,126 - Persepolis Download Manager - ERROR - persepolis couldn't find free space value:
[Errno 2] No such file or directory: '/home/h4x3d/.persepolis/uc'
2018-03-12 11:09:35,127 - Persepolis Download Manager - ERROR - Persepolis can not move file
2018-03-12 11:09:35,361 - Persepolis Download Manager - ERROR - persepolis couldn't find free space value:
[Errno 2] No such file or directory: '/home/h4x3d/.persepolis/uc'
2018-03-12 11:09:35,361 - Persepolis Download Manager - ERROR - Persepolis can not move file
2018-03-12 11:09:35,593 - Persepolis Download Manager - ERROR - persepolis couldn't find free space value:
[Errno 2] No such file or directory: '/home/h4x3d/.persepolis/uc'
2018-03-12 11:09:35,593 - Persepolis Download Manager - ERROR - Persepolis can not move file
2018-03-12 11:09:35,817 - Persepolis Download Manager - ERROR - persepolis couldn't find free space value:
[Errno 2] No such file or directory: '/home/h4x3d/.persepolis/uc'
2018-03-12 11:09:35,817 - Persepolis Download Manager - ERROR - Persepolis can not move file
2018-03-12 11:09:36,048 - Persepolis Download Manager - ERROR - persepolis couldn't find free space value:
[Errno 2] No such file or directory: '/home/h4x3d/.persepolis/uc'
2018-03-12 11:09:36,049 - Persepolis Download Manager - ERROR - Persepolis can not move file
2018-03-12 11:09:36,272 - Persepolis Download Manager - ERROR - persepolis couldn't find free space value:
[Errno 2] No such file or directory: '/home/h4x3d/.persepolis/uc'
2018-03-12 11:09:36,272 - Persepolis Download Manager - ERROR - Persepolis can not move file
2018-03-12 11:09:36,494 - Persepolis Download Manager - ERROR - persepolis couldn't find free space value:
[Errno 2] No such file or directory: '/home/h4x3d/.persepolis/uc'
2018-03-12 11:09:36,494 - Persepolis Download Manager - ERROR - Persepolis can not move file
2018-03-12 11:09:36,721 - Persepolis Download Manager - ERROR - persepolis couldn't find free space value:
[Errno 2] No such file or directory: '/home/h4x3d/.persepolis/uc'
2018-03-12 11:09:36,721 - Persepolis Download Manager - ERROR - Persepolis can not move file
2018-03-12 11:09:36,953 - Persepolis Download Manager - ERROR - persepolis couldn't find free space value:
[Errno 2] No such file or directory: '/home/h4x3d/.persepolis/uc'
2018-03-12 11:09:36,954 - Persepolis Download Manager - ERROR - Persepolis can not move file
2018-03-12 11:09:37,186 - Persepolis Download Manager - ERROR - persepolis couldn't find free space value:
[Errno 2] No such file or directory: '/home/h4x3d/.persepolis/uc'
2018-03-12 11:09:37,187 - Persepolis Download Manager - ERROR - Persepolis can not move file
2018-03-12 11:09:37,422 - Persepolis Download Manager - ERROR - persepolis couldn't find free space value:
[Errno 2] No such file or directory: '/home/h4x3d/.persepolis/uc'
2018-03-12 11:09:37,422 - Persepolis Download Manager - ERROR - Persepolis can not move file
2018-03-12 11:09:37,447 - Persepolis Download Manager - INFO - Download complete - GID : ebae3c4d7c29471c
2018-03-12 11:10:27,616 - Persepolis Download Manager - INFO - Please wait ...
2018-03-12 11:10:27,617 - Persepolis Download Manager - INFO - Aria2 Shutdown : OK
2018-03-12 11:10:28,220 - Persepolis Download Manager - INFO - Persepolis closed!
Persepolis Download Manager, 2018/03/12 11:10:45
2018-03-12 11:10:45,837 - Persepolis Download Manager - INFO - platform : Linux
2018-03-12 11:10:45,972 - Persepolis Download Manager - ERROR - Aria2 didn't respond!
2018-03-12 11:10:45,972 - Persepolis Download Manager - INFO - Starting Aria2
2018-03-12 11:10:47,999 - Persepolis Download Manager - INFO - Aria2 is running
Persepolis Download Manager, 2018/03/12 11:11:03
2018-03-12 11:11:03,242 - Persepolis Download Manager - INFO - platform : Linux
2018-03-12 11:11:03,373 - Persepolis Download Manager - ERROR - Aria2 didn't respond!
2018-03-12 11:11:03,373 - Persepolis Download Manager - INFO - Starting Aria2
2018-03-12 11:11:05,400 - Persepolis Download Manager - INFO - Aria2 is running
Persepolis Download Manager, 2018/03/12 11:11:14
2018-03-12 11:11:14,971 - Persepolis Download Manager - INFO - platform : Linux
2018-03-12 11:11:15,110 - Persepolis Download Manager - ERROR - Aria2 didn't respond!
2018-03-12 11:11:15,110 - Persepolis Download Manager - INFO - Starting Aria2
2018-03-12 11:11:17,133 - Persepolis Download Manager - INFO - Aria2 is running
2018-03-12 11:12:05,984 - Persepolis Download Manager - INFO - b783c63964bd3bc6 Starts
Persepolis Download Manager, 2018/03/12 11:13:24
2018-03-12 11:13:24,635 - Persepolis Download Manager - INFO - platform : Linux
2018-03-12 11:13:24,768 - Persepolis Download Manager - ERROR - Aria2 didn't respond!
2018-03-12 11:13:24,768 - Persepolis Download Manager - INFO - Starting Aria2
2018-03-12 11:13:26,798 - Persepolis Download Manager - INFO - Aria2 is running
2018-03-12 11:13:58,466 - Persepolis Download Manager - INFO - b783c63964bd3bc6 Starts
2018-03-12 11:14:23,858 - Persepolis Download Manager - INFO - b783c63964bd3bc6 stopped
2018-03-12 11:14:24,018 - Persepolis Download Manager - INFO - Download stoped - GID : b783c63964bd3bc6
2018-03-12 11:15:14,257 - Persepolis Download Manager - INFO - Please wait ...
2018-03-12 11:15:14,259 - Persepolis Download Manager - INFO - Aria2 Shutdown : OK
2018-03-12 11:15:14,965 - Persepolis Download Manager - INFO - Persepolis closed!
